[debug] [2025-10-28T17:32:07.692Z] ----------------------------------------------------------------------
[debug] [2025-10-28T17:32:07.695Z] Command:       /usr/bin/node /usr/bin/firebase deploy --only hosting
[debug] [2025-10-28T17:32:07.696Z] CLI Version:   14.22.0
[debug] [2025-10-28T17:32:07.696Z] Platform:      linux
[debug] [2025-10-28T17:32:07.696Z] Node Version:  v24.9.0
[debug] [2025-10-28T17:32:07.696Z] Time:          Tue Oct 28 2025 19:32:07 GMT+0200 (South Africa Standard Time)
[debug] [2025-10-28T17:32:07.696Z] ----------------------------------------------------------------------
[debug] 
[debug] [2025-10-28T17:32:08.029Z] > command requires scopes: ["email","openid","https://www.googleapis.com/auth/cloudplatformprojects.readonly","https://www.googleapis.com/auth/firebase","https://www.googleapis.com/auth/cloud-platform"]
[debug] [2025-10-28T17:32:08.029Z] > authorizing via signed-in user (thanduxolomfusi@gmail.com)
[debug] [2025-10-28T17:32:08.029Z] [iam] checking project gdg-dev-fest-476516 for permissions ["firebase.projects.get","firebasehosting.sites.update"]
[debug] [2025-10-28T17:32:08.031Z] Checked if tokens are valid: true, expires at: 1761675921486
[debug] [2025-10-28T17:32:08.031Z] Checked if tokens are valid: true, expires at: 1761675921486
[debug] [2025-10-28T17:32:08.032Z] >>> [apiv2][query] POST https://cloudresourcemanager.googleapis.com/v1/projects/gdg-dev-fest-476516:testIamPermissions [none]
[debug] [2025-10-28T17:32:08.032Z] >>> [apiv2][(partial)header] POST https://cloudresourcemanager.googleapis.com/v1/projects/gdg-dev-fest-476516:testIamPermissions x-goog-quota-user=projects/gdg-dev-fest-476516
[debug] [2025-10-28T17:32:08.032Z] >>> [apiv2][body] POST https://cloudresourcemanager.googleapis.com/v1/projects/gdg-dev-fest-476516:testIamPermissions {"permissions":["firebase.projects.get","firebasehosting.sites.update"]}
[debug] [2025-10-28T17:32:10.281Z] <<< [apiv2][status] POST https://cloudresourcemanager.googleapis.com/v1/projects/gdg-dev-fest-476516:testIamPermissions 200
[debug] [2025-10-28T17:32:10.281Z] <<< [apiv2][body] POST https://cloudresourcemanager.googleapis.com/v1/projects/gdg-dev-fest-476516:testIamPermissions {"permissions":["firebase.projects.get","firebasehosting.sites.update"]}
[debug] [2025-10-28T17:32:10.282Z] Checked if tokens are valid: true, expires at: 1761675921486
[debug] [2025-10-28T17:32:10.283Z] Checked if tokens are valid: true, expires at: 1761675921486
[debug] [2025-10-28T17:32:10.283Z] >>> [apiv2][query] GET https://firebase.googleapis.com/v1beta1/projects/gdg-dev-fest-476516 [none]
[debug] [2025-10-28T17:32:11.293Z] <<< [apiv2][status] GET https://firebase.googleapis.com/v1beta1/projects/gdg-dev-fest-476516 200
[debug] [2025-10-28T17:32:11.293Z] <<< [apiv2][body] GET https://firebase.googleapis.com/v1beta1/projects/gdg-dev-fest-476516 {"projectId":"gdg-dev-fest-476516","projectNumber":"562043715143","displayName":"GDG Dev Fest","name":"projects/gdg-dev-fest-476516","resources":{"hostingSite":"gdg-dev-fest-476516"},"state":"ACTIVE","etag":"1_3e99d51a-aecd-41c9-9d57-090d4808b541"}
[info] 
   Thank you for trying our early preview of Next.js support on Firebase Hosting.
   During the preview, support is best-effort and breaking changes can be expected. Proceed with caution.
   The integration is known to work with Next.js version 12 - 15.0. You may encounter errors.

   Documentation: https://firebase.google.com/docs/hosting/frameworks/nextjs
   File a bug: https://github.com/firebase/firebase-tools/issues/new?template=bug_report.md
   Submit a feature request: https://github.com/firebase/firebase-tools/issues/new?template=feature_request.md

   We'd love to learn from you. Express your interest in helping us shape the future of Firebase Hosting: https://goo.gle/41enW5X

[debug] [2025-10-28T17:32:17.948Z] Checked if tokens are valid: true, expires at: 1761675921486
[debug] [2025-10-28T17:32:17.949Z] Checked if tokens are valid: true, expires at: 1761675921486
[debug] [2025-10-28T17:32:17.949Z] >>> [apiv2][query] GET https://firebasehosting.googleapis.com/v1beta1/projects/gdg-dev-fest-476516/sites/gdg-dev-fest-476516 [none]
[debug] [2025-10-28T17:32:20.110Z] <<< [apiv2][status] GET https://firebasehosting.googleapis.com/v1beta1/projects/gdg-dev-fest-476516/sites/gdg-dev-fest-476516 200
[debug] [2025-10-28T17:32:20.111Z] <<< [apiv2][body] GET https://firebasehosting.googleapis.com/v1beta1/projects/gdg-dev-fest-476516/sites/gdg-dev-fest-476516 {"name":"projects/gdg-dev-fest-476516/sites/gdg-dev-fest-476516","defaultUrl":"https://gdg-dev-fest-476516.web.app","type":"DEFAULT_SITE"}
[info]    ▲ Next.js 15.2.4

[info]    - Environments: .env.local


[info]    Creating an optimized production build ...

[info]  ✓ Compiled successfully

[info]    Skipping validation of types

[info]    Skipping linting

[info]    Collecting page data ...

[info]    Generating static pages (0/15) ...

[info]    Generating static pages (3/15) 

[info]    Generating static pages (7/15) 
   Generating static pages (11/15) 
 ✓ Generating static pages (15/15)

[info]    Finalizing page optimization ...

[info]    Collecting build traces ...

[info] 

[info] Route (app)                                 Size  First Load JS
┌ ○ /                                    2.69 kB         117 kB
├ ○ /_not-found                            978 B         101 kB
├ ○ /admin                               37.2 kB         148 kB
├ ○ /admin/login                         3.55 kB         115 kB
├ ƒ /api/auth/check                        163 B         101 kB
├ ƒ /api/auth/login                        163 B         101 kB
├ ƒ /api/auth/logout                       163 B         101 kB
├ ƒ /api/events                            163 B         101 kB
├ ƒ /api/init                              163 B         101 kB
├ ƒ /api/reviews                           163 B         101 kB
├ ƒ /api/reviews/[id]                      163 B         101 kB
├ ƒ /api/sessions                          163 B         101 kB
├ ƒ /api/sessions/[id]                     163 B         101 kB
├ ƒ /api/speakers                          163 B         101 kB
├ ƒ /api/speakers/[id]                     163 B         101 kB
├ ƒ /sessions/[id]                        3.7 kB         118 kB
├ ○ /speakers                            1.48 kB         116 kB
└ ƒ /speakers/[id]                       3.93 kB         119 kB
+ First Load JS shared by all             100 kB
  ├ chunks/4bd1b696-6196de9e172a24e9.js  53.2 kB
  ├ chunks/684-fc546f297aa3eee5.js       45.3 kB
  └ other shared chunks (total)          1.86 kB



[info] ○  (Static)   prerendered as static content
ƒ  (Dynamic)  server-rendered on demand


[info] Building a Cloud Function to run this application. This is needed due to:
[info]  • non-static component /api/auth/check/route
[info]  • non-static component /api/auth/login/route
[info]  • non-static component /api/auth/logout/route
[info]  • non-static component /api/events/route
[info]  • non-static component /api/init/route
[debug] [2025-10-28T17:32:47.384Z]  • non-static component /api/reviews/[id]/route
[debug] [2025-10-28T17:32:47.385Z]  • non-static component /api/reviews/route
[debug] [2025-10-28T17:32:47.385Z]  • non-static component /api/sessions/[id]/route
[debug] [2025-10-28T17:32:47.385Z]  • non-static component /api/sessions/route
[debug] [2025-10-28T17:32:47.385Z]  • non-static component /api/speakers/[id]/route
[debug] [2025-10-28T17:32:47.385Z]  • non-static component /api/speakers/route
[debug] [2025-10-28T17:32:47.385Z]  • non-static component /speakers/[id]/page
[debug] [2025-10-28T17:32:47.385Z]  • non-static component /sessions/[id]/page
[info]  • and 8 other reasons, use --debug to see more
[info] 
[debug] [2025-10-28T17:32:54.771Z] Checked if tokens are valid: true, expires at: 1761675921486
[debug] [2025-10-28T17:32:54.771Z] Checked if tokens are valid: true, expires at: 1761675921486
[debug] [2025-10-28T17:32:54.772Z] >>> [apiv2][query] GET https://firebasehosting.googleapis.com/v1beta1/projects/gdg-dev-fest-476516/sites/gdg-dev-fest-476516 [none]
[debug] [2025-10-28T17:32:57.065Z] <<< [apiv2][status] GET https://firebasehosting.googleapis.com/v1beta1/projects/gdg-dev-fest-476516/sites/gdg-dev-fest-476516 200
[debug] [2025-10-28T17:32:57.066Z] <<< [apiv2][body] GET https://firebasehosting.googleapis.com/v1beta1/projects/gdg-dev-fest-476516/sites/gdg-dev-fest-476516 {"name":"projects/gdg-dev-fest-476516/sites/gdg-dev-fest-476516","defaultUrl":"https://gdg-dev-fest-476516.web.app","type":"DEFAULT_SITE"}
[warn] ⚠  This integration expects Node version 16, 18, or 20. You're running version 24, problems may be encountered. 
[debug] [2025-10-28T17:33:17.858Z] Error: Command failed: npm i --omit dev --no-audit
    at genericNodeError (node:internal/errors:985:15)
    at wrappedFn (node:internal/errors:539:14)
    at checkExecSyncError (node:child_process:925:11)
    at execSync (node:child_process:997:15)
    at prepareFrameworks (/usr/lib/node_modules/firebase-tools/lib/frameworks/index.js:373:42)
    at async deploy (/usr/lib/node_modules/firebase-tools/lib/deploy/index.js:79:9)
[error] 
[error] Error: An unexpected error has occurred.
[debug] [2025-10-28T17:42:45.127Z] ----------------------------------------------------------------------
[debug] [2025-10-28T17:42:45.131Z] Command:       /usr/bin/node /usr/bin/firebase deploy --only hosting
[debug] [2025-10-28T17:42:45.131Z] CLI Version:   14.22.0
[debug] [2025-10-28T17:42:45.131Z] Platform:      linux
[debug] [2025-10-28T17:42:45.132Z] Node Version:  v24.9.0
[debug] [2025-10-28T17:42:45.132Z] Time:          Tue Oct 28 2025 19:42:45 GMT+0200 (South Africa Standard Time)
[debug] [2025-10-28T17:42:45.132Z] ----------------------------------------------------------------------
[debug] 
[debug] [2025-10-28T17:42:45.643Z] > command requires scopes: ["email","openid","https://www.googleapis.com/auth/cloudplatformprojects.readonly","https://www.googleapis.com/auth/firebase","https://www.googleapis.com/auth/cloud-platform"]
[debug] [2025-10-28T17:42:45.643Z] > authorizing via signed-in user (thanduxolomfusi@gmail.com)
[debug] [2025-10-28T17:42:45.644Z] [iam] checking project gdg-dev-fest-476516 for permissions ["firebase.projects.get","firebasehosting.sites.update"]
[debug] [2025-10-28T17:42:45.645Z] Checked if tokens are valid: true, expires at: 1761675921486
[debug] [2025-10-28T17:42:45.645Z] Checked if tokens are valid: true, expires at: 1761675921486
[debug] [2025-10-28T17:42:45.647Z] >>> [apiv2][query] POST https://cloudresourcemanager.googleapis.com/v1/projects/gdg-dev-fest-476516:testIamPermissions [none]
[debug] [2025-10-28T17:42:45.647Z] >>> [apiv2][(partial)header] POST https://cloudresourcemanager.googleapis.com/v1/projects/gdg-dev-fest-476516:testIamPermissions x-goog-quota-user=projects/gdg-dev-fest-476516
[debug] [2025-10-28T17:42:45.647Z] >>> [apiv2][body] POST https://cloudresourcemanager.googleapis.com/v1/projects/gdg-dev-fest-476516:testIamPermissions {"permissions":["firebase.projects.get","firebasehosting.sites.update"]}
[debug] [2025-10-28T17:42:48.562Z] <<< [apiv2][status] POST https://cloudresourcemanager.googleapis.com/v1/projects/gdg-dev-fest-476516:testIamPermissions 200
[debug] [2025-10-28T17:42:48.562Z] <<< [apiv2][body] POST https://cloudresourcemanager.googleapis.com/v1/projects/gdg-dev-fest-476516:testIamPermissions {"permissions":["firebase.projects.get","firebasehosting.sites.update"]}
[debug] [2025-10-28T17:42:48.564Z] Checked if tokens are valid: true, expires at: 1761675921486
[debug] [2025-10-28T17:42:48.564Z] Checked if tokens are valid: true, expires at: 1761675921486
[debug] [2025-10-28T17:42:48.564Z] >>> [apiv2][query] GET https://firebase.googleapis.com/v1beta1/projects/gdg-dev-fest-476516 [none]
[debug] [2025-10-28T17:42:49.459Z] <<< [apiv2][status] GET https://firebase.googleapis.com/v1beta1/projects/gdg-dev-fest-476516 200
[debug] [2025-10-28T17:42:49.460Z] <<< [apiv2][body] GET https://firebase.googleapis.com/v1beta1/projects/gdg-dev-fest-476516 {"projectId":"gdg-dev-fest-476516","projectNumber":"562043715143","displayName":"GDG Dev Fest","name":"projects/gdg-dev-fest-476516","resources":{"hostingSite":"gdg-dev-fest-476516"},"state":"ACTIVE","etag":"1_3e99d51a-aecd-41c9-9d57-090d4808b541"}
[info] 
   Thank you for trying our early preview of Next.js support on Firebase Hosting.
   During the preview, support is best-effort and breaking changes can be expected. Proceed with caution.
   The integration is known to work with Next.js version 12 - 15.0. You may encounter errors.

   Documentation: https://firebase.google.com/docs/hosting/frameworks/nextjs
   File a bug: https://github.com/firebase/firebase-tools/issues/new?template=bug_report.md
   Submit a feature request: https://github.com/firebase/firebase-tools/issues/new?template=feature_request.md

   We'd love to learn from you. Express your interest in helping us shape the future of Firebase Hosting: https://goo.gle/41enW5X

[debug] [2025-10-28T17:43:44.347Z] Checked if tokens are valid: true, expires at: 1761675921486
[debug] [2025-10-28T17:43:44.347Z] Checked if tokens are valid: true, expires at: 1761675921486
[debug] [2025-10-28T17:43:44.348Z] >>> [apiv2][query] GET https://firebasehosting.googleapis.com/v1beta1/projects/gdg-dev-fest-476516/sites/gdg-dev-fest-476516 [none]
[debug] [2025-10-28T17:43:46.688Z] <<< [apiv2][status] GET https://firebasehosting.googleapis.com/v1beta1/projects/gdg-dev-fest-476516/sites/gdg-dev-fest-476516 200
[debug] [2025-10-28T17:43:46.689Z] <<< [apiv2][body] GET https://firebasehosting.googleapis.com/v1beta1/projects/gdg-dev-fest-476516/sites/gdg-dev-fest-476516 {"name":"projects/gdg-dev-fest-476516/sites/gdg-dev-fest-476516","defaultUrl":"https://gdg-dev-fest-476516.web.app","type":"DEFAULT_SITE"}
[info]    ▲ Next.js 15.2.4
   - Environments: .env.local

[info] 

[info]    Creating an optimized production build ...

